<?xml version="1.0"?>
<testsuite name="Chrome 78.0.3904 (Windows 10.0.0)" package="" timestamp="2019-12-31T12:37:06" id="0" hostname="DESKTOP-CS2NGJI" tests="3" errors="0" failures="1" time="0.386">
  <properties>
    <property name="browser.fullName" value="Mozilla/5.0 (Windows NT 10.0; Win64; x64) AppleWebKit/537.36 (KHTML, like Gecko) Chrome/78.0.3904.108 Safari/537.36"/>
  </properties>
  <testcase name="AppComponent should create the app" time="0.075" classname="Chrome_78_0_3904_(Windows_10_0_0).AppComponent"/>
  <testcase name="AppComponent should have as title 'tipsTricks'" time="0.062" classname="Chrome_78_0_3904_(Windows_10_0_0).AppComponent"/>
  <testcase name="ReactiveFormComponent firstname should be thibaut" time="0.249" classname="Chrome_78_0_3904_(Windows_10_0_0).ReactiveFormComponent">
    <failure type="">Error: Expected undefined to equal 'thibaut'.
    at &lt;Jasmine&gt;
    at UserContext.&lt;anonymous&gt; (http://localhost:9876/_karma_webpack_/src/app/reactive-form/reactive-form.component.spec.ts:27:40)
    at ZoneDelegate.invoke (http://localhost:9876/_karma_webpack_/node_modules/zone.js/dist/zone-evergreen.js:359:1)
    at ProxyZoneSpec.push../node_modules/zone.js/dist/zone-testing.js.ProxyZoneSpec.onInvoke (http://localhost:9876/_karma_webpack_/node_modules/zone.js/dist/zone-testing.js:308:1)
</failure>
  </testcase>
  <system-out>
    <![CDATA[Chrome 78.0.3904 (Windows 10.0.0) LOG: 'constructor passvalidation'
,Chrome 78.0.3904 (Windows 10.0.0) LOG: 'constructor passvalidation'
,Chrome 78.0.3904 (Windows 10.0.0) LOG: 'constructor passvalidation'

]]>
  </system-out>
  <system-err/>
</testsuite>